This file contains any messages produced by compilers while
running configure, to aid debugging if configure makes a mistake.

It was created by DAW_Demo configure 1.0, which was
generated by GNU Autoconf 2.69.  Invocation command line was

  $ ./configure 

## --------- ##
## Platform. ##
## --------- ##

hostname = RelicsDAQ
uname -m = x86_64
uname -r = 5.15.0-48-generic
uname -s = Linux
uname -v = #54~20.04.1-Ubuntu SMP Thu Sep 1 16:17:26 UTC 2022

/usr/bin/uname -p = x86_64
/bin/uname -X     = unknown

/bin/arch              = x86_64
/usr/bin/arch -k       = unknown
/usr/convex/getsysinfo = unknown
/usr/bin/hostinfo      = unknown
/bin/machine           = unknown
/usr/bin/oslevel       = unknown
/bin/universe          = unknown

PATH: /home/chengjie/.vscode-server/bin/74b1f979648cc44d385a2286793c226e611f59e7/bin/remote-cli
PATH: /home/chengjie/anaconda3/bin
PATH: /home/chengjie/anaconda3/condabin
PATH: /usr/local/sbin
PATH: /usr/local/bin
PATH: /usr/sbin
PATH: /usr/bin
PATH: /sbin
PATH: /bin
PATH: /usr/games
PATH: /usr/local/games
PATH: /snap/bin


## ----------- ##
## Core tests. ##
## ----------- ##

configure:2077: checking for a BSD-compatible install
configure:2145: result: /usr/bin/install -c
configure:2156: checking whether build environment is sane
configure:2211: result: yes
configure:2360: checking for a thread-safe mkdir -p
configure:2399: result: /usr/bin/mkdir -p
configure:2406: checking for gawk
configure:2436: result: no
configure:2406: checking for mawk
configure:2422: found /usr/bin/mawk
configure:2433: result: mawk
configure:2444: checking whether make sets $(MAKE)
configure:2466: result: yes
configure:2495: checking whether make supports nested variables
configure:2512: result: yes
configure:2687: checking for gcc
configure:2703: found /usr/bin/gcc
configure:2714: result: gcc
configure:2943: checking for C compiler version
configure:2952: gcc --version >&5
gcc (Ubuntu 9.4.0-1ubuntu1~20.04.1) 9.4.0
Copyright (C) 2019 Free Software Foundation, Inc.
This is free software; see the source for copying conditions.  There is NO
warranty; not even for MERCHANTABILITY or FITNESS FOR A PARTICULAR PURPOSE.

configure:2963: $? = 0
configure:2952: gcc -v >&5
Using built-in specs.
COLLECT_GCC=gcc
COLLECT_LTO_WRAPPER=/usr/lib/gcc/x86_64-linux-gnu/9/lto-wrapper
OFFLOAD_TARGET_NAMES=nvptx-none:hsa
OFFLOAD_TARGET_DEFAULT=1
Target: x86_64-linux-gnu
Configured with: ../src/configure -v --with-pkgversion='Ubuntu 9.4.0-1ubuntu1~20.04.1' --with-bugurl=file:///usr/share/doc/gcc-9/README.Bugs --enable-languages=c,ada,c++,go,brig,d,fortran,objc,obj-c++,gm2 --prefix=/usr --with-gcc-major-version-only --program-suffix=-9 --program-prefix=x86_64-linux-gnu- --enable-shared --enable-linker-build-id --libexecdir=/usr/lib --without-included-gettext --enable-threads=posix --libdir=/usr/lib --enable-nls --enable-clocale=gnu --enable-libstdcxx-debug --enable-libstdcxx-time=yes --with-default-libstdcxx-abi=new --enable-gnu-unique-object --disable-vtable-verify --enable-plugin --enable-default-pie --with-system-zlib --with-target-system-zlib=auto --enable-objc-gc=auto --enable-multiarch --disable-werror --with-arch-32=i686 --with-abi=m64 --with-multilib-list=m32,m64,mx32 --enable-multilib --with-tune=generic --enable-offload-targets=nvptx-none=/build/gcc-9-Av3uEd/gcc-9-9.4.0/debian/tmp-nvptx/usr,hsa --without-cuda-driver --enable-checking=release --build=x86_64-linux-gnu --host=x86_64-linux-gnu --target=x86_64-linux-gnu
Thread model: posix
gcc version 9.4.0 (Ubuntu 9.4.0-1ubuntu1~20.04.1) 
configure:2963: $? = 0
configure:2952: gcc -V >&5
gcc: error: unrecognized command line option '-V'
gcc: fatal error: no input files
compilation terminated.
configure:2963: $? = 1
configure:2952: gcc -qversion >&5
gcc: error: unrecognized command line option '-qversion'; did you mean '--version'?
gcc: fatal error: no input files
compilation terminated.
configure:2963: $? = 1
configure:2983: checking whether the C compiler works
configure:3005: gcc    conftest.c  >&5
configure:3009: $? = 0
configure:3057: result: yes
configure:3060: checking for C compiler default output file name
configure:3062: result: a.out
configure:3068: checking for suffix of executables
configure:3075: gcc -o conftest    conftest.c  >&5
configure:3079: $? = 0
configure:3101: result: 
configure:3123: checking whether we are cross compiling
configure:3131: gcc -o conftest    conftest.c  >&5
configure:3135: $? = 0
configure:3142: ./conftest
configure:3146: $? = 0
configure:3134: result: no
configure:3139: checking for suffix of object files
configure:3161: gcc -c   conftest.c >&5
configure:3165: $? = 0
configure:3186: result: o
configure:3190: checking whether we are using the GNU C compiler
configure:3209: gcc -c   conftest.c >&5
configure:3209: $? = 0
configure:3218: result: yes
configure:3227: checking whether gcc accepts -g
configure:3247: gcc -c -g  conftest.c >&5
configure:3247: $? = 0
configure:3288: result: yes
configure:3305: checking for gcc option to accept ISO C89
configure:3368: gcc  -c -g -O2  conftest.c >&5
configure:3368: $? = 0
configure:3381: result: none needed
configure:3406: checking whether gcc understands -c and -o together
configure:3428: gcc -c conftest.c -o conftest2.o
configure:3431: $? = 0
configure:3428: gcc -c conftest.c -o conftest2.o
configure:3431: $? = 0
configure:3443: result: yes
configure:3471: checking for style of include used by make
configure:3499: result: GNU
configure:3525: checking dependency style of gcc
configure:3636: result: gcc3
configure:3662: checking how to run the C preprocessor
configure:3693: gcc -E  conftest.c
configure:3693: $? = 0
configure:3707: gcc -E  conftest.c
conftest.c:12:10: fatal error: ac_nonexistent.h: No such file or directory
   12 | #include <ac_nonexistent.h>
      |          ^~~~~~~~~~~~~~~~~~
compilation terminated.
configure:3707: $? = 1
configure: failed program was:
| /* confdefs.h */
| #define PACKAGE_NAME "DAW_Demo"
| #define PACKAGE_TARNAME "daw_demo"
| #define PACKAGE_VERSION "1.0"
| #define PACKAGE_STRING "DAW_Demo 1.0"
| #define PACKAGE_BUGREPORT ""
| #define PACKAGE_URL ""
| #define PACKAGE "daw_demo"
| #define VERSION "1.0"
| #define LINUX 1
| /* end confdefs.h.  */
| #include <ac_nonexistent.h>
configure:3732: result: gcc -E
configure:3752: gcc -E  conftest.c
configure:3752: $? = 0
configure:3766: gcc -E  conftest.c
conftest.c:12:10: fatal error: ac_nonexistent.h: No such file or directory
   12 | #include <ac_nonexistent.h>
      |          ^~~~~~~~~~~~~~~~~~
compilation terminated.
configure:3766: $? = 1
configure: failed program was:
| /* confdefs.h */
| #define PACKAGE_NAME "DAW_Demo"
| #define PACKAGE_TARNAME "daw_demo"
| #define PACKAGE_VERSION "1.0"
| #define PACKAGE_STRING "DAW_Demo 1.0"
| #define PACKAGE_BUGREPORT ""
| #define PACKAGE_URL ""
| #define PACKAGE "daw_demo"
| #define VERSION "1.0"
| #define LINUX 1
| /* end confdefs.h.  */
| #include <ac_nonexistent.h>
configure:3795: checking for grep that handles long lines and -e
configure:3853: result: /usr/bin/grep
configure:3858: checking for egrep
configure:3920: result: /usr/bin/grep -E
configure:3925: checking for ANSI C header files
configure:3945: gcc -c -g -O2  conftest.c >&5
configure:3945: $? = 0
configure:4018: gcc -o conftest -g -O2   conftest.c  >&5
configure:4018: $? = 0
configure:4018: ./conftest
configure:4018: $? = 0
configure:4029: result: yes
configure:4042: checking for sys/types.h
configure:4042: gcc -c -g -O2  conftest.c >&5
configure:4042: $? = 0
configure:4042: result: yes
configure:4042: checking for sys/stat.h
configure:4042: gcc -c -g -O2  conftest.c >&5
configure:4042: $? = 0
configure:4042: result: yes
configure:4042: checking for stdlib.h
configure:4042: gcc -c -g -O2  conftest.c >&5
configure:4042: $? = 0
configure:4042: result: yes
configure:4042: checking for string.h
configure:4042: gcc -c -g -O2  conftest.c >&5
configure:4042: $? = 0
configure:4042: result: yes
configure:4042: checking for memory.h
configure:4042: gcc -c -g -O2  conftest.c >&5
configure:4042: $? = 0
configure:4042: result: yes
configure:4042: checking for strings.h
configure:4042: gcc -c -g -O2  conftest.c >&5
configure:4042: $? = 0
configure:4042: result: yes
configure:4042: checking for inttypes.h
configure:4042: gcc -c -g -O2  conftest.c >&5
configure:4042: $? = 0
configure:4042: result: yes
configure:4042: checking for stdint.h
configure:4042: gcc -c -g -O2  conftest.c >&5
configure:4042: $? = 0
configure:4042: result: yes
configure:4042: checking for unistd.h
configure:4042: gcc -c -g -O2  conftest.c >&5
configure:4042: $? = 0
configure:4042: result: yes
configure:4054: checking CAENDigitizer.h usability
configure:4054: gcc -c -g -O2  conftest.c >&5
configure:4054: $? = 0
configure:4054: result: yes
configure:4054: checking CAENDigitizer.h presence
configure:4054: gcc -E  conftest.c
configure:4054: $? = 0
configure:4054: result: yes
configure:4054: checking for CAENDigitizer.h
configure:4054: result: yes
configure:4069: checking for gnuplot
configure:4085: found /usr/bin/gnuplot
configure:4097: result: ok
configure:4255: checking that generated files are newer than configure
configure:4261: result: done
configure:4284: creating ./config.status

## ---------------------- ##
## Running config.status. ##
## ---------------------- ##

This file was extended by DAW_Demo config.status 1.0, which was
generated by GNU Autoconf 2.69.  Invocation command line was

  CONFIG_FILES    = 
  CONFIG_HEADERS  = 
  CONFIG_LINKS    = 
  CONFIG_COMMANDS = 
  $ ./config.status 

on RelicsDAQ

config.status:775: creating Makefile
config.status:775: creating src/Makefile
config.status:947: executing depfiles commands

## ---------------- ##
## Cache variables. ##
## ---------------- ##

ac_cv_c_compiler_gnu=yes
ac_cv_env_CC_set=
ac_cv_env_CC_value=
ac_cv_env_CFLAGS_set=
ac_cv_env_CFLAGS_value=
ac_cv_env_CPPFLAGS_set=
ac_cv_env_CPPFLAGS_value=
ac_cv_env_CPP_set=
ac_cv_env_CPP_value=
ac_cv_env_LDFLAGS_set=
ac_cv_env_LDFLAGS_value=
ac_cv_env_LIBS_set=
ac_cv_env_LIBS_value=
ac_cv_env_build_alias_set=
ac_cv_env_build_alias_value=
ac_cv_env_host_alias_set=
ac_cv_env_host_alias_value=
ac_cv_env_target_alias_set=
ac_cv_env_target_alias_value=
ac_cv_header_CAENDigitizer_h=yes
ac_cv_header_inttypes_h=yes
ac_cv_header_memory_h=yes
ac_cv_header_stdc=yes
ac_cv_header_stdint_h=yes
ac_cv_header_stdlib_h=yes
ac_cv_header_string_h=yes
ac_cv_header_strings_h=yes
ac_cv_header_sys_stat_h=yes
ac_cv_header_sys_types_h=yes
ac_cv_header_unistd_h=yes
ac_cv_objext=o
ac_cv_path_EGREP='/usr/bin/grep -E'
ac_cv_path_GREP=/usr/bin/grep
ac_cv_path_install='/usr/bin/install -c'
ac_cv_path_mkdir=/usr/bin/mkdir
ac_cv_prog_AWK=mawk
ac_cv_prog_CPP='gcc -E'
ac_cv_prog_GNUPLOT=ok
ac_cv_prog_ac_ct_CC=gcc
ac_cv_prog_cc_c89=
ac_cv_prog_cc_g=yes
ac_cv_prog_make_make_set=yes
am_cv_CC_dependencies_compiler_type=gcc3
am_cv_make_support_nested_variables=yes
am_cv_prog_cc_c_o=yes

## ----------------- ##
## Output variables. ##
## ----------------- ##

ACLOCAL='${SHELL} /home/share/daw_dev/src/missing aclocal-1.15'
AMDEPBACKSLASH='\'
AMDEP_FALSE='#'
AMDEP_TRUE=''
AMTAR='$${TAR-tar}'
AM_BACKSLASH='\'
AM_DEFAULT_V='$(AM_DEFAULT_VERBOSITY)'
AM_DEFAULT_VERBOSITY='1'
AM_V='$(V)'
AUTOCONF='${SHELL} /home/share/daw_dev/src/missing autoconf'
AUTOHEADER='${SHELL} /home/share/daw_dev/src/missing autoheader'
AUTOMAKE='${SHELL} /home/share/daw_dev/src/missing automake-1.15'
AWK='mawk'
CC='gcc'
CCDEPMODE='depmode=gcc3'
CFLAGS='-g -O2'
CPP='gcc -E'
CPPFLAGS=''
CYGPATH_W='echo'
DEFS='-DPACKAGE_NAME=\"DAW_Demo\" -DPACKAGE_TARNAME=\"daw_demo\" -DPACKAGE_VERSION=\"1.0\" -DPACKAGE_STRING=\"DAW_Demo\ 1.0\" -DPACKAGE_BUGREPORT=\"\" -DPACKAGE_URL=\"\" -DPACKAGE=\"daw_demo\" -DVERSION=\"1.0\" -DLINUX=1 -DSTDC_HEADERS=1 -DHAVE_SYS_TYPES_H=1 -DHAVE_SYS_STAT_H=1 -DHAVE_STDLIB_H=1 -DHAVE_STRING_H=1 -DHAVE_MEMORY_H=1 -DHAVE_STRINGS_H=1 -DHAVE_INTTYPES_H=1 -DHAVE_STDINT_H=1 -DHAVE_UNISTD_H=1'
DEPDIR='.deps'
ECHO_C=''
ECHO_N='-n'
ECHO_T=''
EGREP='/usr/bin/grep -E'
EXEEXT=''
GNUPLOT='ok'
GREP='/usr/bin/grep'
INSTALL_DATA='${INSTALL} -m 644'
INSTALL_PROGRAM='${INSTALL}'
INSTALL_SCRIPT='${INSTALL}'
INSTALL_STRIP_PROGRAM='$(install_sh) -c -s'
LDFLAGS=''
LIBOBJS=''
LIBS=''
LTLIBOBJS=''
MAKEINFO='${SHELL} /home/share/daw_dev/src/missing makeinfo'
MKDIR_P='/usr/bin/mkdir -p'
OBJEXT='o'
PACKAGE='daw_demo'
PACKAGE_BUGREPORT=''
PACKAGE_NAME='DAW_Demo'
PACKAGE_STRING='DAW_Demo 1.0'
PACKAGE_TARNAME='daw_demo'
PACKAGE_URL=''
PACKAGE_VERSION='1.0'
PATH_SEPARATOR=':'
SET_MAKE=''
SHELL='/bin/bash'
STRIP=''
VERSION='1.0'
ac_ct_CC='gcc'
am__EXEEXT_FALSE=''
am__EXEEXT_TRUE='#'
am__fastdepCC_FALSE='#'
am__fastdepCC_TRUE=''
am__include='include'
am__isrc=''
am__leading_dot='.'
am__nodep='_no'
am__quote=''
am__tar='$${TAR-tar} chof - "$$tardir"'
am__untar='$${TAR-tar} xf -'
bindir='${exec_prefix}/bin'
build_alias=''
datadir='${datarootdir}'
datarootdir='${prefix}/share'
docdir='${datarootdir}/doc/${PACKAGE_TARNAME}'
dvidir='${docdir}'
exec_prefix='${prefix}'
host_alias=''
htmldir='${docdir}'
includedir='${prefix}/include'
infodir='${datarootdir}/info'
install_sh='${SHELL} /home/share/daw_dev/src/install-sh'
libdir='${exec_prefix}/lib'
libexecdir='${exec_prefix}/libexec'
localedir='${datarootdir}/locale'
localstatedir='${prefix}/var'
mandir='${datarootdir}/man'
mkdir_p='$(MKDIR_P)'
oldincludedir='/usr/include'
pdfdir='${docdir}'
prefix='/usr/local'
program_transform_name='s,x,x,'
psdir='${docdir}'
runstatedir='${localstatedir}/run'
sbindir='${exec_prefix}/sbin'
sharedstatedir='${prefix}/com'
sysconfdir='${prefix}/etc'
target_alias=''

## ----------- ##
## confdefs.h. ##
## ----------- ##

/* confdefs.h */
#define PACKAGE_NAME "DAW_Demo"
#define PACKAGE_TARNAME "daw_demo"
#define PACKAGE_VERSION "1.0"
#define PACKAGE_STRING "DAW_Demo 1.0"
#define PACKAGE_BUGREPORT ""
#define PACKAGE_URL ""
#define PACKAGE "daw_demo"
#define VERSION "1.0"
#define LINUX 1
#define STDC_HEADERS 1
#define HAVE_SYS_TYPES_H 1
#define HAVE_SYS_STAT_H 1
#define HAVE_STDLIB_H 1
#define HAVE_STRING_H 1
#define HAVE_MEMORY_H 1
#define HAVE_STRINGS_H 1
#define HAVE_INTTYPES_H 1
#define HAVE_STDINT_H 1
#define HAVE_UNISTD_H 1

configure: exit 0
